[2021-07-27T13:15:25.648] [INFO] redis - I came from 08.js
[2021-07-27T13:15:35.302] [INFO] redis - /:GET
[2021-07-27T13:15:37.235] [INFO] redis - /login:GET
[2021-07-27T13:15:42.175] [INFO] redis - /login:POST
[2021-07-27T13:15:48.629] [INFO] redis - /:POST
[2021-07-27T13:16:09.714] [INFO] redis - I came from 08.js
[2021-07-27T13:23:02.040] [INFO] redis - I came from 08.js
[2021-07-27T13:23:03.612] [INFO] redis - /login:GET
[2021-07-27T13:23:04.963] [INFO] redis - /login:POST
[2021-07-27T13:23:45.316] [INFO] redis - I came from 08.js
[2021-07-27T13:23:47.582] [INFO] redis - /login:POST
[2021-07-27T13:23:49.280] [INFO] redis - /login:POST
[2021-07-27T13:23:52.974] [INFO] redis - /login:GET
[2021-07-27T13:23:54.631] [INFO] redis - /login:POST
[2021-07-27T13:24:00.130] [INFO] redis - I came from 08.js
[2021-07-27T13:30:40.494] [INFO] redis - I came from 08.js
[2021-07-27T13:30:42.504] [INFO] redis - I came from 08.js
[2021-07-27T13:31:37.751] [INFO] redis - I came from 08.js
[2021-07-27T13:31:39.956] [INFO] redis - /login:POST
[2021-07-27T13:32:00.823] [INFO] redis - I came from 08.js
[2021-07-27T13:32:02.978] [INFO] redis - /login:POST
[2021-07-27T13:32:11.481] [INFO] redis - I came from 08.js
[2021-07-27T13:32:15.944] [INFO] redis - /login:POST
[2021-07-27T13:32:55.615] [INFO] redis - I came from 08.js
[2021-07-27T13:33:00.497] [INFO] redis - I came from 08.js
[2021-07-27T13:34:20.471] [INFO] redis - I came from 08.js
[2021-07-27T13:34:24.134] [INFO] redis - I came from 08.js
[2021-07-27T13:34:29.508] [INFO] redis - I came from 08.js
[2021-07-27T13:34:30.768] [INFO] redis - /login:POST
[2021-07-27T13:34:37.345] [INFO] redis - I came from 08.js
[2021-07-27T13:36:16.752] [INFO] redis - I came from 08.js
[2021-07-27T13:36:19.730] [INFO] redis - I came from 08.js
[2021-07-27T13:43:27.248] [INFO] redis - I came from 08.js
[2021-07-27T13:43:30.781] [INFO] redis - /login:POST
[2021-07-27T13:43:32.497] [INFO] redis - /login:GET
[2021-07-27T13:43:36.601] [INFO] redis - /login:POST
[2021-07-27T13:47:11.500] [INFO] redis - I came from 08.js
[2021-07-27T13:47:13.542] [INFO] redis - /login:POST
[2021-07-27T13:51:11.693] [INFO] redis - /login:POST
[2021-07-27T13:51:14.720] [INFO] redis - /login:GET
[2021-07-27T13:51:15.779] [INFO] redis - /login:POST
[2021-07-27T13:59:18.824] [INFO] redis - I came from 08.js
[2021-07-27T13:59:21.800] [INFO] redis - /login:GET
[2021-07-27T13:59:23.568] [INFO] redis - /login:POST
[2021-07-27T13:59:57.020] [INFO] redis - I came from 08.js
[2021-07-27T14:00:41.799] [INFO] redis - /login:POST
[2021-07-27T14:01:34.876] [INFO] redis - I came from 08.js
[2021-07-27T14:01:39.044] [INFO] redis - /login:POST
[2021-07-27T14:01:40.759] [INFO] redis - /:POST
[2021-07-27T14:01:41.916] [INFO] redis - /login:GET
[2021-07-27T14:01:43.256] [INFO] redis - /login:POST
[2021-07-27T14:02:41.085] [INFO] redis - I came from 08.js
[2021-07-27T14:02:44.118] [INFO] redis - I came from 08.js
[2021-07-27T14:03:30.582] [INFO] redis - I came from 08.js
[2021-07-27T14:03:33.113] [INFO] redis - /login:POST
[2021-07-27T14:04:41.882] [INFO] redis - I came from 08.js
[2021-07-27T14:05:23.218] [INFO] redis - I came from 08.js
[2021-07-27T14:05:23.886] [INFO] redis - /login:GET
[2021-07-27T14:05:24.870] [INFO] redis - /login:POST
[2021-07-27T14:06:55.493] [INFO] redis - I came from 08.js
[2021-07-27T14:07:00.022] [INFO] redis - I came from 08.js
[2021-07-27T14:07:01.715] [INFO] redis - /login:GET
[2021-07-27T14:07:02.674] [INFO] redis - /login:POST
[2021-07-27T14:07:04.117] [INFO] redis - /:POST
[2021-07-27T14:07:05.202] [INFO] redis - /login:GET
